<?xml version="1.0" encoding="UTF-8"?>
<!-- Generated by org.testng.reporters.JUnitXMLReporter -->
<testsuite ignored="8" hostname="dolap211" failures="1" tests="1" name="Default test" time="19.693" errors="0" timestamp="2021-04-11T14:26:58 IST">
  <testcase classname="techskills.qa.hrs.tests.LoginPageTest" name="verifyShowHideTest" time="10.145">
    <failure type="java.lang.AssertionError">
      <![CDATA[java.lang.AssertionError
at org.junit.Assert.fail(Assert.java:92)
at org.junit.Assert.assertTrue(Assert.java:43)
at org.junit.Assert.assertTrue(Assert.java:54)
at techskills.qa.hrs.tests.LoginPageTest.verifyShowHideTest(LoginPageTest.java:47)
at java.base/jdk.internal.reflect.NativeMethodAccessorImpl.invoke0(Native Method)
at java.base/jdk.internal.reflect.NativeMethodAccessorImpl.invoke(NativeMethodAccessorImpl.java:64)
at java.base/jdk.internal.reflect.DelegatingMethodAccessorImpl.invoke(DelegatingMethodAccessorImpl.java:43)
at java.base/java.lang.reflect.Method.invoke(Method.java:564)
at org.testng.internal.MethodInvocationHelper.invokeMethod(MethodInvocationHelper.java:132)
at org.testng.internal.TestInvoker.invokeMethod(TestInvoker.java:599)
at org.testng.internal.TestInvoker.invokeTestMethod(TestInvoker.java:174)
at org.testng.internal.MethodRunner.runInSequence(MethodRunner.java:46)
at org.testng.internal.TestInvoker$MethodInvocationAgent.invoke(TestInvoker.java:822)
at org.testng.internal.TestInvoker.invokeTestMethods(TestInvoker.java:147)
at org.testng.internal.TestMethodWorker.invokeTestMethods(TestMethodWorker.java:146)
at org.testng.internal.TestMethodWorker.run(TestMethodWorker.java:128)
at java.base/java.util.ArrayList.forEach(ArrayList.java:1511)
at org.testng.TestRunner.privateRun(TestRunner.java:764)
at org.testng.TestRunner.run(TestRunner.java:585)
at org.testng.SuiteRunner.runTest(SuiteRunner.java:384)
at org.testng.SuiteRunner.runSequentially(SuiteRunner.java:378)
at org.testng.SuiteRunner.privateRun(SuiteRunner.java:337)
at org.testng.SuiteRunner.run(SuiteRunner.java:286)
at org.testng.SuiteRunnerWorker.runSuite(SuiteRunnerWorker.java:53)
at org.testng.SuiteRunnerWorker.run(SuiteRunnerWorker.java:96)
at org.testng.TestNG.runSuitesSequentially(TestNG.java:1218)
at org.testng.TestNG.runSuitesLocally(TestNG.java:1140)
at org.testng.TestNG.runSuites(TestNG.java:1069)
at org.testng.TestNG.run(TestNG.java:1037)
at org.testng.remote.AbstractRemoteTestNG.run(AbstractRemoteTestNG.java:115)
at org.testng.remote.RemoteTestNG.initAndRun(RemoteTestNG.java:251)
at org.testng.remote.RemoteTestNG.main(RemoteTestNG.java:77)
]]>
    </failure>
  </testcase> <!-- verifyShowHideTest -->
  <testcase classname="techskills.qa.hrs.tests.LoginPageTest" name="verifyRecoverysollinkTest" time="0.0">
    <ignored/>
  </testcase> <!-- verifyRecoverysollinkTest -->
  <testcase classname="techskills.qa.hrs.tests.LoginPageTest" name="verifySigninbuttonTest" time="0.0">
    <ignored/>
  </testcase> <!-- verifySigninbuttonTest -->
  <testcase classname="techskills.qa.hrs.tests.LoginPageTest" name="verifyforgotpwdlinkTest" time="0.0">
    <ignored/>
  </testcase> <!-- verifyforgotpwdlinkTest -->
  <testcase classname="techskills.qa.hrs.tests.LoginPageTest" name="verifyRecoveryLinkTest" time="0.0">
    <ignored/>
  </testcase> <!-- verifyRecoveryLinkTest -->
  <testcase classname="techskills.qa.hrs.tests.LoginPageTest" name="verifyLoginPageTitleTest" time="0.0">
    <ignored/>
  </testcase> <!-- verifyLoginPageTitleTest -->
  <testcase classname="techskills.qa.hrs.tests.LoginPageTest" name="verifyHrLogoTest" time="0.0">
    <ignored/>
  </testcase> <!-- verifyHrLogoTest -->
  <testcase classname="techskills.qa.hrs.tests.LoginPageTest" name="verifyForgotPasswordTest" time="0.0">
    <ignored/>
  </testcase> <!-- verifyForgotPasswordTest -->
  <testcase classname="techskills.qa.hrs.tests.LoginPageTest" name="verifyShowhidelinkTest" time="0.0">
    <ignored/>
  </testcase> <!-- verifyShowhidelinkTest -->
</testsuite> <!-- Default test -->
